# JRE version: OpenJDK Runtime Environment (11.0.10) (build 11.0.10+0-b96-7249189)
# Java VM: OpenJDK 64-Bit Server VM (11.0.10+0-b96-7249189, mixed mode, tiered, compressed oops, g1 gc, windows-amd64)
Heap:
 garbage-first heap   total 736256K, used 273904K [0x0000000080000000, 0x0000000100000000)
  region size 1024K, 11 young (11264K), 11 survivors (11264K)
 Metaspace       used 157106K, capacity 161467K, committed 161596K, reserved 1189888K
  class space    used 19833K, capacity 21471K, committed 21504K, reserved 1048576K
GC Heap History (20 events):
Event: 5165.954 GC heap after
{Heap after GC invocations=142 (full 0):
 garbage-first heap   total 522240K, used 259845K [0x0000000080000000, 0x0000000100000000)
  region size 1024K, 16 young (16384K), 16 survivors (16384K)
 Metaspace       used 156626K, capacity 160974K, committed 161188K, reserved 1189888K
  class space    used 19823K, capacity 21458K, committed 21504K, reserved 1048576K
}
Event: 5167.480 GC heap before
{Heap before GC invocations=142 (full 0):
 garbage-first heap   total 522240K, used 419589K [0x0000000080000000, 0x0000000100000000)
  region size 1024K, 172 young (176128K), 16 survivors (16384K)
 Metaspace       used 156667K, capacity 160985K, committed 161188K, reserved 1189888K
  class space    used 19827K, capacity 21462K, committed 21504K, reserved 1048576K
}
Event: 5167.514 GC heap after
{Heap after GC invocations=143 (full 0):
 garbage-first heap   total 522240K, used 261165K [0x0000000080000000, 0x0000000100000000)
  region size 1024K, 12 young (12288K), 12 survivors (12288K)
 Metaspace       used 156667K, capacity 160985K, committed 161188K, reserved 1189888K
  class space    used 19827K, capacity 21462K, committed 21504K, reserved 1048576K
}
Event: 5167.898 GC heap before
{Heap before GC invocations=143 (full 0):
 garbage-first heap   total 522240K, used 422957K [0x0000000080000000, 0x0000000100000000)
  region size 1024K, 170 young (174080K), 12 survivors (12288K)
 Metaspace       used 156689K, capacity 161051K, committed 161188K, reserved 1189888K
  class space    used 19827K, capacity 21462K, committed 21504K, reserved 1048576K
}
Event: 5167.909 GC heap after
{Heap after GC invocations=144 (full 0):
 garbage-first heap   total 522240K, used 261677K [0x0000000080000000, 0x0000000100000000)
  region size 1024K, 13 young (13312K), 13 survivors (13312K)
 Metaspace       used 156689K, capacity 161051K, committed 161188K, reserved 1189888K
  class space    used 19827K, capacity 21462K, committed 21504K, reserved 1048576K
}
Event: 5168.285 GC heap before
{Heap before GC invocations=144 (full 0):
 garbage-first heap   total 522240K, used 427565K [0x0000000080000000, 0x0000000100000000)
  region size 1024K, 175 young (179200K), 13 survivors (13312K)
 Metaspace       used 156752K, capacity 161075K, committed 161188K, reserved 1189888K
  class space    used 19831K, capacity 21469K, committed 21504K, reserved 1048576K
}
Event: 5168.297 GC heap after
{Heap after GC invocations=145 (full 0):
 garbage-first heap   total 522240K, used 262602K [0x0000000080000000, 0x0000000100000000)
  region size 1024K, 13 young (13312K), 13 survivors (13312K)
 Metaspace       used 156752K, capacity 161075K, committed 161188K, reserved 1189888K
  class space    used 19831K, capacity 21469K, committed 21504K, reserved 1048576K
}
Event: 5168.691 GC heap before
{Heap before GC invocations=145 (full 0):
 garbage-first heap   total 522240K, used 442826K [0x0000000080000000, 0x0000000100000000)
  region size 1024K, 189 young (193536K), 13 survivors (13312K)
 Metaspace       used 156759K, capacity 161139K, committed 161188K, reserved 1189888K
  class space    used 19831K, capacity 21469K, committed 21504K, reserved 1048576K
}
Event: 5168.706 GC heap after
{Heap after GC invocations=146 (full 0):
 garbage-first heap   total 522240K, used 263626K [0x0000000080000000, 0x0000000100000000)
  region size 1024K, 14 young (14336K), 14 survivors (14336K)
 Metaspace       used 156759K, capacity 161139K, committed 161188K, reserved 1189888K
  class space    used 19831K, capacity 21469K, committed 21504K, reserved 1048576K
}
Event: 5169.084 GC heap before
{Heap before GC invocations=146 (full 0):
 garbage-first heap   total 522240K, used 446922K [0x0000000080000000, 0x0000000100000000)
  region size 1024K, 193 young (197632K), 14 survivors (14336K)
 Metaspace       used 156766K, capacity 161139K, committed 161188K, reserved 1189888K
  class space    used 19832K, capacity 21469K, committed 21504K, reserved 1048576K
}
Event: 5169.109 GC heap after
{Heap after GC invocations=147 (full 0):
 garbage-first heap   total 522240K, used 265803K [0x0000000080000000, 0x0000000100000000)
  region size 1024K, 9 young (9216K), 9 survivors (9216K)
 Metaspace       used 156766K, capacity 161139K, committed 161188K, reserved 1189888K
  class space    used 19832K, capacity 21469K, committed 21504K, reserved 1048576K
}
Event: 5169.538 GC heap before
{Heap before GC invocations=147 (full 0):
 garbage-first heap   total 522240K, used 448075K [0x0000000080000000, 0x0000000100000000)
  region size 1024K, 187 young (191488K), 9 survivors (9216K)
 Metaspace       used 156794K, capacity 161139K, committed 161188K, reserved 1189888K
  class space    used 19832K, capacity 21469K, committed 21504K, reserved 1048576K
}
Event: 5169.548 GC heap after
{Heap after GC invocations=148 (full 0):
 garbage-first heap   total 522240K, used 267800K [0x0000000080000000, 0x0000000100000000)
  region size 1024K, 11 young (11264K), 11 survivors (11264K)
 Metaspace       used 156794K, capacity 161139K, committed 161188K, reserved 1189888K
  class space    used 19832K, capacity 21469K, committed 21504K, reserved 1048576K
}
Event: 5169.986 GC heap before
{Heap before GC invocations=148 (full 0):
 garbage-first heap   total 522240K, used 451096K [0x0000000080000000, 0x0000000100000000)
  region size 1024K, 190 young (194560K), 11 survivors (11264K)
 Metaspace       used 156799K, capacity 161139K, committed 161188K, reserved 1189888K
  class space    used 19832K, capacity 21469K, committed 21504K, reserved 1048576K
}
Event: 5169.999 GC heap after
{Heap after GC invocations=149 (full 0):
 garbage-first heap   total 522240K, used 269387K [0x0000000080000000, 0x0000000100000000)
  region size 1024K, 12 young (12288K), 12 survivors (12288K)
 Metaspace       used 156799K, capacity 161139K, committed 161188K, reserved 1189888K
  class space    used 19832K, capacity 21469K, committed 21504K, reserved 1048576K
}
Event: 5170.378 GC heap before
{Heap before GC invocations=149 (full 0):
 garbage-first heap   total 522240K, used 453707K [0x0000000080000000, 0x0000000100000000)
  region size 1024K, 192 young (196608K), 12 survivors (12288K)
 Metaspace       used 156807K, capacity 161139K, committed 161188K, reserved 1189888K
  class space    used 19832K, capacity 21469K, committed 21504K, reserved 1048576K
}
Event: 5170.393 GC heap after
{Heap after GC invocations=150 (full 0):
 garbage-first heap   total 522240K, used 271435K [0x0000000080000000, 0x0000000100000000)
  region size 1024K, 14 young (14336K), 14 survivors (14336K)
 Metaspace       used 156807K, capacity 161139K, committed 161188K, reserved 1189888K
  class space    used 19832K, capacity 21469K, committed 21504K, reserved 1048576K
}
Event: 5170.742 GC heap before
{Heap before GC invocations=150 (full 0):
 garbage-first heap   total 522240K, used 413771K [0x0000000080000000, 0x0000000100000000)
  region size 1024K, 154 young (157696K), 14 survivors (14336K)
 Metaspace       used 156913K, capacity 161232K, committed 161340K, reserved 1189888K
  class space    used 19833K, capacity 21471K, committed 21504K, reserved 1048576K
}
Event: 5171.150 GC heap after
{Heap after GC invocations=151 (full 0):
 garbage-first heap   total 522240K, used 274641K [0x0000000080000000, 0x0000000100000000)
  region size 1024K, 16 young (16384K), 16 survivors (16384K)
 Metaspace       used 156913K, capacity 161232K, committed 161340K, reserved 1189888K
  class space    used 19833K, capacity 21471K, committed 21504K, reserved 1048576K
}
Event: 5171.746 GC heap before
{Heap before GC invocations=151 (full 0):
 garbage-first heap   total 522240K, used 446673K [0x0000000080000000, 0x0000000100000000)
  region size 1024K, 183 young (187392K), 16 survivors (16384K)
 Metaspace       used 157106K, capacity 161467K, committed 161596K, reserved 1189888K
  class space    used 19833K, capacity 21471K, committed 21504K, reserved 1048576K
}

